I, [2016-06-14T23:45:33.980749 #10292]  INFO -- default-ubuntu-1404: -----> Converging <default-ubuntu-1404>...
I, [2016-06-14T23:45:33.981240 #10292]  INFO -- default-ubuntu-1404: Preparing files for transfer
I, [2016-06-14T23:45:33.981325 #10292]  INFO -- default-ubuntu-1404: Preparing dna.json
I, [2016-06-14T23:45:33.981681 #10292]  INFO -- default-ubuntu-1404: Resolving cookbook dependencies with Berkshelf 3.3.0...
I, [2016-06-14T23:45:35.151131 #10292]  INFO -- default-ubuntu-1404: Removing non-cookbook files before transfer
I, [2016-06-14T23:45:35.181900 #10292]  INFO -- default-ubuntu-1404: Preparing data_bags
I, [2016-06-14T23:45:35.211112 #10292]  INFO -- default-ubuntu-1404: Preparing environments
I, [2016-06-14T23:45:35.212796 #10292]  INFO -- default-ubuntu-1404: Preparing nodes
I, [2016-06-14T23:45:35.237225 #10292]  INFO -- default-ubuntu-1404: Preparing roles
I, [2016-06-14T23:45:35.266719 #10292]  INFO -- default-ubuntu-1404: Preparing secret
I, [2016-06-14T23:45:35.300224 #10292]  INFO -- default-ubuntu-1404: Preparing validation.pem
I, [2016-06-14T23:45:35.301551 #10292]  INFO -- default-ubuntu-1404: Preparing client.rb
I, [2016-06-14T23:45:35.381411 #10292]  INFO -- default-ubuntu-1404: -----> Chef Omnibus installation detected (install only if missing)
I, [2016-06-14T23:45:35.401706 #10292]  INFO -- default-ubuntu-1404: Transferring files to <default-ubuntu-1404>
I, [2016-06-14T23:45:37.483466 #10292]  INFO -- default-ubuntu-1404: Starting Chef Client, version 12.11.18
I, [2016-06-14T23:45:38.698765 #10292]  INFO -- default-ubuntu-1404: resolving cookbooks for run list: ["webapp::default", "webapp::database", "webapp::unicorn"]
I, [2016-06-14T23:45:41.746688 #10292]  INFO -- default-ubuntu-1404: Synchronizing Cookbooks:
I, [2016-06-14T23:45:41.755128 #10292]  INFO -- default-ubuntu-1404:   - mysql (7.0.0)
I, [2016-06-14T23:45:41.758746 #10292]  INFO -- default-ubuntu-1404:   - tar (0.7.0)
I, [2016-06-14T23:45:41.762950 #10292]  INFO -- default-ubuntu-1404:   - webapp (0.2.1)
I, [2016-06-14T23:45:41.766264 #10292]  INFO -- default-ubuntu-1404:   - yum-mysql-community (0.2.0)
I, [2016-06-14T23:45:41.768418 #10292]  INFO -- default-ubuntu-1404:   - build-essential (6.0.0)
I, [2016-06-14T23:45:41.773090 #10292]  INFO -- default-ubuntu-1404:   - postgresql (4.0.6)
I, [2016-06-14T23:45:41.777584 #10292]  INFO -- default-ubuntu-1404:   - rbac (1.0.3)
I, [2016-06-14T23:45:41.778417 #10292]  INFO -- default-ubuntu-1404:   - mysql2_chef_gem (1.1.0)
I, [2016-06-14T23:45:41.782969 #10292]  INFO -- default-ubuntu-1404:   - mingw (1.2.0)
I, [2016-06-14T23:45:41.785401 #10292]  INFO -- default-ubuntu-1404:   - openssl (4.4.0)
I, [2016-06-14T23:45:41.786183 #10292]  INFO -- default-ubuntu-1404:   - mariadb (0.3.1)
I, [2016-06-14T23:45:41.787322 #10292]  INFO -- default-ubuntu-1404:   - database (5.1.2)
I, [2016-06-14T23:45:41.800284 #10292]  INFO -- default-ubuntu-1404:   - apt (4.0.0)
I, [2016-06-14T23:45:41.802994 #10292]  INFO -- default-ubuntu-1404:   - chef-sugar (3.3.0)
I, [2016-06-14T23:45:41.803677 #10292]  INFO -- default-ubuntu-1404:   - unicorn (2.1.2)
I, [2016-06-14T23:45:41.805032 #10292]  INFO -- default-ubuntu-1404:   - smf (2.2.8)
I, [2016-06-14T23:45:41.805614 #10292]  INFO -- default-ubuntu-1404:   - compat_resource (12.10.6)
I, [2016-06-14T23:45:41.806478 #10292]  INFO -- default-ubuntu-1404:   - seven_zip (2.0.1)
I, [2016-06-14T23:45:41.807260 #10292]  INFO -- default-ubuntu-1404:   - yum (3.11.0)
I, [2016-06-14T23:45:41.809221 #10292]  INFO -- default-ubuntu-1404:   - yum-epel (0.7.0)
I, [2016-06-14T23:45:41.810324 #10292]  INFO -- default-ubuntu-1404:   - chef_handler (1.4.0)
I, [2016-06-14T23:45:41.811511 #10292]  INFO -- default-ubuntu-1404:   - windows (1.43.0)
I, [2016-06-14T23:45:41.812773 #10292]  INFO -- default-ubuntu-1404: Installing Cookbook Gems:
I, [2016-06-14T23:45:41.813643 #10292]  INFO -- default-ubuntu-1404: Compiling Cookbooks...
I, [2016-06-14T23:45:41.953633 #10292]  INFO -- default-ubuntu-1404: [2016-06-15T06:45:41+00:00] WARN: Chef::Provider::AptRepository already exists!  Cannot create deprecation class for LWRP provider apt_repository from cookbook apt
I, [2016-06-14T23:45:41.960491 #10292]  INFO -- default-ubuntu-1404: [2016-06-15T06:45:41+00:00] WARN: AptRepository already exists!  Deprecation class overwrites Custom resource apt_repository from cookbook apt
I, [2016-06-14T23:45:42.078250 #10292]  INFO -- default-ubuntu-1404: 
I, [2016-06-14T23:45:42.078579 #10292]  INFO -- default-ubuntu-1404: ================================================================================
I, [2016-06-14T23:45:42.078941 #10292]  INFO -- default-ubuntu-1404: Recipe Compile Error in /tmp/kitchen/cache/cookbooks/webapp/recipes/unicorn.rb
I, [2016-06-14T23:45:42.079398 #10292]  INFO -- default-ubuntu-1404: ================================================================================
I, [2016-06-14T23:45:42.079651 #10292]  INFO -- default-ubuntu-1404: 
I, [2016-06-14T23:45:42.079984 #10292]  INFO -- default-ubuntu-1404: NoMethodError
I, [2016-06-14T23:45:42.080372 #10292]  INFO -- default-ubuntu-1404: -------------
I, [2016-06-14T23:45:42.080714 #10292]  INFO -- default-ubuntu-1404: No resource or method named `unicorn_app' for `Chef::Recipe "unicorn"'
I, [2016-06-14T23:45:42.080878 #10292]  INFO -- default-ubuntu-1404: 
I, [2016-06-14T23:45:42.081226 #10292]  INFO -- default-ubuntu-1404: Cookbook Trace:
I, [2016-06-14T23:45:42.081547 #10292]  INFO -- default-ubuntu-1404: ---------------
I, [2016-06-14T23:45:42.081955 #10292]  INFO -- default-ubuntu-1404:   /tmp/kitchen/cache/cookbooks/webapp/recipes/unicorn.rb:8:in `from_file'
I, [2016-06-14T23:45:42.082112 #10292]  INFO -- default-ubuntu-1404: 
I, [2016-06-14T23:45:42.082551 #10292]  INFO -- default-ubuntu-1404: Relevant File Content:
I, [2016-06-14T23:45:42.082947 #10292]  INFO -- default-ubuntu-1404: ----------------------
I, [2016-06-14T23:45:42.083325 #10292]  INFO -- default-ubuntu-1404: /tmp/kitchen/cache/cookbooks/webapp/recipes/unicorn.rb:
I, [2016-06-14T23:45:42.083494 #10292]  INFO -- default-ubuntu-1404: 
I, [2016-06-14T23:45:42.083784 #10292]  INFO -- default-ubuntu-1404:   1:  #
I, [2016-06-14T23:45:42.084164 #10292]  INFO -- default-ubuntu-1404:   2:  # Cookbook Name:: webapp
I, [2016-06-14T23:45:42.084488 #10292]  INFO -- default-ubuntu-1404:   3:  # Recipe:: unicorn
I, [2016-06-14T23:45:42.084755 #10292]  INFO -- default-ubuntu-1404:   4:  #
I, [2016-06-14T23:45:42.085011 #10292]  INFO -- default-ubuntu-1404:   5:  # Copyright (c) 2016 The Authors, All Rights Reserved.
I, [2016-06-14T23:45:42.085331 #10292]  INFO -- default-ubuntu-1404:   6:  include_recipe 'unicorn'
I, [2016-06-14T23:45:42.085592 #10292]  INFO -- default-ubuntu-1404:   7:  
I, [2016-06-14T23:45:42.085628 #10292]  INFO -- default-ubuntu-1404:   8>> unicorn_app 'webapp' do
I, [2016-06-14T23:45:42.085648 #10292]  INFO -- default-ubuntu-1404:   9:    action :create
I, [2016-06-14T23:45:42.085665 #10292]  INFO -- default-ubuntu-1404:  10:    listen '0.0.0.0:8080'
I, [2016-06-14T23:45:42.085682 #10292]  INFO -- default-ubuntu-1404:  11:    path '/srv/webapp'
I, [2016-06-14T23:45:42.085698 #10292]  INFO -- default-ubuntu-1404:  12:  end 13:  
I, [2016-06-14T23:45:42.085712 #10292]  INFO -- default-ubuntu-1404: 
I, [2016-06-14T23:45:42.086071 #10292]  INFO -- default-ubuntu-1404: Platform:
I, [2016-06-14T23:45:42.086106 #10292]  INFO -- default-ubuntu-1404: ---------
I, [2016-06-14T23:45:42.086126 #10292]  INFO -- default-ubuntu-1404: x86_64-linux
I, [2016-06-14T23:45:42.086141 #10292]  INFO -- default-ubuntu-1404: 
I, [2016-06-14T23:45:42.086158 #10292]  INFO -- default-ubuntu-1404: 
I, [2016-06-14T23:45:42.086603 #10292]  INFO -- default-ubuntu-1404: Running handlers:
I, [2016-06-14T23:45:42.086796 #10292]  INFO -- default-ubuntu-1404: [2016-06-15T06:45:41+00:00] ERROR: Running exception handlers
I, [2016-06-14T23:45:42.087070 #10292]  INFO -- default-ubuntu-1404: Running handlers complete
I, [2016-06-14T23:45:42.087589 #10292]  INFO -- default-ubuntu-1404: [2016-06-15T06:45:41+00:00] ERROR: Exception handlers complete
I, [2016-06-14T23:45:42.087799 #10292]  INFO -- default-ubuntu-1404: Chef Client failed. 0 resources updated in 04 seconds
I, [2016-06-14T23:45:42.089009 #10292]  INFO -- default-ubuntu-1404: [2016-06-15T06:45:41+00:00] FATAL: Stacktrace dumped to /tmp/kitchen/cache/chef-stacktrace.out
I, [2016-06-14T23:45:42.089344 #10292]  INFO -- default-ubuntu-1404: [2016-06-15T06:45:41+00:00] FATAL: Please provide the contents of the stacktrace.out file if you file a bug report
I, [2016-06-14T23:45:42.089732 #10292]  INFO -- default-ubuntu-1404: [2016-06-15T06:45:41+00:00] ERROR: No resource or method named `unicorn_app' for `Chef::Recipe "unicorn"'
I, [2016-06-14T23:45:43.459036 #10292]  INFO -- default-ubuntu-1404: [2016-06-15T06:45:43+00:00] FATAL: Chef::Exceptions::ChildConvergeError: Chef run process exited unsuccessfully (exit code 1)
E, [2016-06-14T23:45:43.615180 #10292] ERROR -- default-ubuntu-1404: Converge failed on instance <default-ubuntu-1404>.
E, [2016-06-14T23:45:43.615297 #10292] ERROR -- default-ubuntu-1404: ------Exception-------
E, [2016-06-14T23:45:43.615322 #10292] ERROR -- default-ubuntu-1404: Class: Kitchen::ActionFailed
E, [2016-06-14T23:45:43.615338 #10292] ERROR -- default-ubuntu-1404: Message: SSH exited (1) for command: [sh -c '
sudo -E /opt/chef/bin/chef-client --local-mode --config /tmp/kitchen/client.rb --log_level auto --force-formatter --no-color --json-attributes /tmp/kitchen/dna.json --chef-zero-port 8889
']
E, [2016-06-14T23:45:43.615351 #10292] ERROR -- default-ubuntu-1404: ----------------------
E, [2016-06-14T23:45:43.615363 #10292] ERROR -- default-ubuntu-1404: ------Backtrace-------
E, [2016-06-14T23:45:43.615375 #10292] ERROR -- default-ubuntu-1404: /Users/vivian/.rvm/gems/ruby-2.0.0-p643/gems/test-kitchen-1.9.2/lib/kitchen/provisioner/base.rb:76:in `rescue in call'
E, [2016-06-14T23:45:43.615387 #10292] ERROR -- default-ubuntu-1404: /Users/vivian/.rvm/gems/ruby-2.0.0-p643/gems/test-kitchen-1.9.2/lib/kitchen/provisioner/base.rb:79:in `call'
E, [2016-06-14T23:45:43.615398 #10292] ERROR -- default-ubuntu-1404: /Users/vivian/.rvm/gems/ruby-2.0.0-p643/gems/test-kitchen-1.9.2/lib/kitchen/instance.rb:373:in `block in converge_action'
E, [2016-06-14T23:45:43.615410 #10292] ERROR -- default-ubuntu-1404: /Users/vivian/.rvm/gems/ruby-2.0.0-p643/gems/test-kitchen-1.9.2/lib/kitchen/instance.rb:513:in `call'
E, [2016-06-14T23:45:43.615420 #10292] ERROR -- default-ubuntu-1404: /Users/vivian/.rvm/gems/ruby-2.0.0-p643/gems/test-kitchen-1.9.2/lib/kitchen/instance.rb:513:in `synchronize_or_call'
E, [2016-06-14T23:45:43.615431 #10292] ERROR -- default-ubuntu-1404: /Users/vivian/.rvm/gems/ruby-2.0.0-p643/gems/test-kitchen-1.9.2/lib/kitchen/instance.rb:478:in `block in action'
E, [2016-06-14T23:45:43.615441 #10292] ERROR -- default-ubuntu-1404: /Users/vivian/.rvm/rubies/ruby-2.0.0-p643/lib/ruby/2.0.0/benchmark.rb:281:in `measure'
E, [2016-06-14T23:45:43.615452 #10292] ERROR -- default-ubuntu-1404: /Users/vivian/.rvm/gems/ruby-2.0.0-p643/gems/test-kitchen-1.9.2/lib/kitchen/instance.rb:477:in `action'
E, [2016-06-14T23:45:43.615463 #10292] ERROR -- default-ubuntu-1404: /Users/vivian/.rvm/gems/ruby-2.0.0-p643/gems/test-kitchen-1.9.2/lib/kitchen/instance.rb:369:in `converge_action'
E, [2016-06-14T23:45:43.615473 #10292] ERROR -- default-ubuntu-1404: /Users/vivian/.rvm/gems/ruby-2.0.0-p643/gems/test-kitchen-1.9.2/lib/kitchen/instance.rb:348:in `block in transition_to'
E, [2016-06-14T23:45:43.615484 #10292] ERROR -- default-ubuntu-1404: /Users/vivian/.rvm/gems/ruby-2.0.0-p643/gems/test-kitchen-1.9.2/lib/kitchen/instance.rb:347:in `each'
E, [2016-06-14T23:45:43.615494 #10292] ERROR -- default-ubuntu-1404: /Users/vivian/.rvm/gems/ruby-2.0.0-p643/gems/test-kitchen-1.9.2/lib/kitchen/instance.rb:347:in `transition_to'
E, [2016-06-14T23:45:43.615504 #10292] ERROR -- default-ubuntu-1404: /Users/vivian/.rvm/gems/ruby-2.0.0-p643/gems/test-kitchen-1.9.2/lib/kitchen/instance.rb:138:in `converge'
E, [2016-06-14T23:45:43.615515 #10292] ERROR -- default-ubuntu-1404: /Users/vivian/.rvm/gems/ruby-2.0.0-p643/gems/test-kitchen-1.9.2/lib/kitchen/command.rb:194:in `public_send'
E, [2016-06-14T23:45:43.615525 #10292] ERROR -- default-ubuntu-1404: /Users/vivian/.rvm/gems/ruby-2.0.0-p643/gems/test-kitchen-1.9.2/lib/kitchen/command.rb:194:in `run_action_in_thread'
E, [2016-06-14T23:45:43.615541 #10292] ERROR -- default-ubuntu-1404: /Users/vivian/.rvm/gems/ruby-2.0.0-p643/gems/test-kitchen-1.9.2/lib/kitchen/command.rb:173:in `block (2 levels) in run_action'
E, [2016-06-14T23:45:43.615553 #10292] ERROR -- default-ubuntu-1404: ----End Backtrace-----
E, [2016-06-14T23:45:43.615563 #10292] ERROR -- default-ubuntu-1404: ---Nested Exception---
E, [2016-06-14T23:45:43.615573 #10292] ERROR -- default-ubuntu-1404: Class: Kitchen::Transport::SshFailed
E, [2016-06-14T23:45:43.615583 #10292] ERROR -- default-ubuntu-1404: Message: SSH exited (1) for command: [sh -c '
sudo -E /opt/chef/bin/chef-client --local-mode --config /tmp/kitchen/client.rb --log_level auto --force-formatter --no-color --json-attributes /tmp/kitchen/dna.json --chef-zero-port 8889
']
E, [2016-06-14T23:45:43.615594 #10292] ERROR -- default-ubuntu-1404: ----------------------
E, [2016-06-14T23:45:43.615604 #10292] ERROR -- default-ubuntu-1404: ------Backtrace-------
E, [2016-06-14T23:45:43.615614 #10292] ERROR -- default-ubuntu-1404: /Users/vivian/.rvm/gems/ruby-2.0.0-p643/gems/test-kitchen-1.9.2/lib/kitchen/provisioner/base.rb:76:in `rescue in call'
E, [2016-06-14T23:45:43.615624 #10292] ERROR -- default-ubuntu-1404: /Users/vivian/.rvm/gems/ruby-2.0.0-p643/gems/test-kitchen-1.9.2/lib/kitchen/provisioner/base.rb:79:in `call'
E, [2016-06-14T23:45:43.615634 #10292] ERROR -- default-ubuntu-1404: /Users/vivian/.rvm/gems/ruby-2.0.0-p643/gems/test-kitchen-1.9.2/lib/kitchen/instance.rb:373:in `block in converge_action'
E, [2016-06-14T23:45:43.615644 #10292] ERROR -- default-ubuntu-1404: /Users/vivian/.rvm/gems/ruby-2.0.0-p643/gems/test-kitchen-1.9.2/lib/kitchen/instance.rb:513:in `call'
E, [2016-06-14T23:45:43.615654 #10292] ERROR -- default-ubuntu-1404: /Users/vivian/.rvm/gems/ruby-2.0.0-p643/gems/test-kitchen-1.9.2/lib/kitchen/instance.rb:513:in `synchronize_or_call'
E, [2016-06-14T23:45:43.615664 #10292] ERROR -- default-ubuntu-1404: /Users/vivian/.rvm/gems/ruby-2.0.0-p643/gems/test-kitchen-1.9.2/lib/kitchen/instance.rb:478:in `block in action'
E, [2016-06-14T23:45:43.615674 #10292] ERROR -- default-ubuntu-1404: /Users/vivian/.rvm/rubies/ruby-2.0.0-p643/lib/ruby/2.0.0/benchmark.rb:281:in `measure'
E, [2016-06-14T23:45:43.615685 #10292] ERROR -- default-ubuntu-1404: /Users/vivian/.rvm/gems/ruby-2.0.0-p643/gems/test-kitchen-1.9.2/lib/kitchen/instance.rb:477:in `action'
E, [2016-06-14T23:45:43.615694 #10292] ERROR -- default-ubuntu-1404: /Users/vivian/.rvm/gems/ruby-2.0.0-p643/gems/test-kitchen-1.9.2/lib/kitchen/instance.rb:369:in `converge_action'
E, [2016-06-14T23:45:43.615704 #10292] ERROR -- default-ubuntu-1404: /Users/vivian/.rvm/gems/ruby-2.0.0-p643/gems/test-kitchen-1.9.2/lib/kitchen/instance.rb:348:in `block in transition_to'
E, [2016-06-14T23:45:43.615714 #10292] ERROR -- default-ubuntu-1404: /Users/vivian/.rvm/gems/ruby-2.0.0-p643/gems/test-kitchen-1.9.2/lib/kitchen/instance.rb:347:in `each'
E, [2016-06-14T23:45:43.615725 #10292] ERROR -- default-ubuntu-1404: /Users/vivian/.rvm/gems/ruby-2.0.0-p643/gems/test-kitchen-1.9.2/lib/kitchen/instance.rb:347:in `transition_to'
E, [2016-06-14T23:45:43.615735 #10292] ERROR -- default-ubuntu-1404: /Users/vivian/.rvm/gems/ruby-2.0.0-p643/gems/test-kitchen-1.9.2/lib/kitchen/instance.rb:138:in `converge'
E, [2016-06-14T23:45:43.615745 #10292] ERROR -- default-ubuntu-1404: /Users/vivian/.rvm/gems/ruby-2.0.0-p643/gems/test-kitchen-1.9.2/lib/kitchen/command.rb:194:in `public_send'
E, [2016-06-14T23:45:43.615754 #10292] ERROR -- default-ubuntu-1404: /Users/vivian/.rvm/gems/ruby-2.0.0-p643/gems/test-kitchen-1.9.2/lib/kitchen/command.rb:194:in `run_action_in_thread'
E, [2016-06-14T23:45:43.615764 #10292] ERROR -- default-ubuntu-1404: /Users/vivian/.rvm/gems/ruby-2.0.0-p643/gems/test-kitchen-1.9.2/lib/kitchen/command.rb:173:in `block (2 levels) in run_action'
E, [2016-06-14T23:45:43.615774 #10292] ERROR -- default-ubuntu-1404: ----End Backtrace-----
