E, [2016-06-14T18:04:19.400680 #6517] ERROR -- Kitchen: ------Exception-------
E, [2016-06-14T18:04:19.400778 #6517] ERROR -- Kitchen: Class: Kitchen::UserError
E, [2016-06-14T18:04:19.400814 #6517] ERROR -- Kitchen: Message: Kitchen YAML file /Users/vivian/Git/cookbooks/webapp/.kitchen/kitchen-vagrant/.kitchen.yml does not exist.
E, [2016-06-14T18:04:19.400840 #6517] ERROR -- Kitchen: ----------------------
E, [2016-06-14T18:04:19.400863 #6517] ERROR -- Kitchen: ------Backtrace-------
E, [2016-06-14T18:04:19.400884 #6517] ERROR -- Kitchen: /Users/vivian/.rvm/gems/ruby-2.0.0-p643/gems/test-kitchen-1.9.2/lib/kitchen/loader/yaml.rb:74:in `read'
E, [2016-06-14T18:04:19.400905 #6517] ERROR -- Kitchen: /Users/vivian/.rvm/gems/ruby-2.0.0-p643/gems/test-kitchen-1.9.2/lib/kitchen/config.rb:154:in `data'
E, [2016-06-14T18:04:19.400925 #6517] ERROR -- Kitchen: /Users/vivian/.rvm/gems/ruby-2.0.0-p643/gems/test-kitchen-1.9.2/lib/kitchen/config.rb:133:in `suites'
E, [2016-06-14T18:04:19.400945 #6517] ERROR -- Kitchen: /Users/vivian/.rvm/gems/ruby-2.0.0-p643/gems/test-kitchen-1.9.2/lib/kitchen/config.rb:184:in `filter_instances'
E, [2016-06-14T18:04:19.400964 #6517] ERROR -- Kitchen: /Users/vivian/.rvm/gems/ruby-2.0.0-p643/gems/test-kitchen-1.9.2/lib/kitchen/config.rb:143:in `build_instances'
E, [2016-06-14T18:04:19.400983 #6517] ERROR -- Kitchen: /Users/vivian/.rvm/gems/ruby-2.0.0-p643/gems/test-kitchen-1.9.2/lib/kitchen/config.rb:119:in `instances'
E, [2016-06-14T18:04:19.401002 #6517] ERROR -- Kitchen: /Users/vivian/.rvm/gems/ruby-2.0.0-p643/gems/test-kitchen-1.9.2/lib/kitchen/command.rb:115:in `filtered_instances'
E, [2016-06-14T18:04:19.401021 #6517] ERROR -- Kitchen: /Users/vivian/.rvm/gems/ruby-2.0.0-p643/gems/test-kitchen-1.9.2/lib/kitchen/command.rb:145:in `parse_subcommand'
E, [2016-06-14T18:04:19.401040 #6517] ERROR -- Kitchen: /Users/vivian/.rvm/gems/ruby-2.0.0-p643/gems/test-kitchen-1.9.2/lib/kitchen/command/list.rb:32:in `call'
E, [2016-06-14T18:04:19.401059 #6517] ERROR -- Kitchen: /Users/vivian/.rvm/gems/ruby-2.0.0-p643/gems/test-kitchen-1.9.2/lib/kitchen/cli.rb:56:in `perform'
E, [2016-06-14T18:04:19.401078 #6517] ERROR -- Kitchen: /Users/vivian/.rvm/gems/ruby-2.0.0-p643/gems/test-kitchen-1.9.2/lib/kitchen/cli.rb:120:in `list'
E, [2016-06-14T18:04:19.401098 #6517] ERROR -- Kitchen: /Users/vivian/.rvm/gems/ruby-2.0.0-p643/gems/thor-0.19.1/lib/thor/command.rb:27:in `run'
E, [2016-06-14T18:04:19.401119 #6517] ERROR -- Kitchen: /Users/vivian/.rvm/gems/ruby-2.0.0-p643/gems/thor-0.19.1/lib/thor/invocation.rb:126:in `invoke_command'
E, [2016-06-14T18:04:19.401139 #6517] ERROR -- Kitchen: /Users/vivian/.rvm/gems/ruby-2.0.0-p643/gems/test-kitchen-1.9.2/lib/kitchen/cli.rb:325:in `invoke_task'
E, [2016-06-14T18:04:19.401159 #6517] ERROR -- Kitchen: /Users/vivian/.rvm/gems/ruby-2.0.0-p643/gems/thor-0.19.1/lib/thor.rb:359:in `dispatch'
E, [2016-06-14T18:04:19.401179 #6517] ERROR -- Kitchen: /Users/vivian/.rvm/gems/ruby-2.0.0-p643/gems/thor-0.19.1/lib/thor/base.rb:440:in `start'
E, [2016-06-14T18:04:19.401199 #6517] ERROR -- Kitchen: /Users/vivian/.rvm/gems/ruby-2.0.0-p643/gems/test-kitchen-1.9.2/bin/kitchen:13:in `block in <top (required)>'
E, [2016-06-14T18:04:19.401221 #6517] ERROR -- Kitchen: /Users/vivian/.rvm/gems/ruby-2.0.0-p643/gems/test-kitchen-1.9.2/lib/kitchen/errors.rb:174:in `with_friendly_errors'
E, [2016-06-14T18:04:19.401241 #6517] ERROR -- Kitchen: /Users/vivian/.rvm/gems/ruby-2.0.0-p643/gems/test-kitchen-1.9.2/bin/kitchen:13:in `<top (required)>'
E, [2016-06-14T18:04:19.401262 #6517] ERROR -- Kitchen: /Users/vivian/.rvm/gems/ruby-2.0.0-p643/bin/kitchen:23:in `load'
E, [2016-06-14T18:04:19.401281 #6517] ERROR -- Kitchen: /Users/vivian/.rvm/gems/ruby-2.0.0-p643/bin/kitchen:23:in `<main>'
E, [2016-06-14T18:04:19.401301 #6517] ERROR -- Kitchen: /Users/vivian/.rvm/gems/ruby-2.0.0-p643/bin/ruby_executable_hooks:15:in `eval'
E, [2016-06-14T18:04:19.401320 #6517] ERROR -- Kitchen: /Users/vivian/.rvm/gems/ruby-2.0.0-p643/bin/ruby_executable_hooks:15:in `<main>'
E, [2016-06-14T18:04:19.401342 #6517] ERROR -- Kitchen: ----End Backtrace-----
